Analysis & Synthesis report for Tennis
Tue Jun 21 03:38:20 2022
Quartus Prime Version 17.1.0 Build 590 10/25/2017 SJ Lite Edition


---------------------
; Table of Contents ;
---------------------
  1. Legal Notice
  2. Analysis & Synthesis Summary
  3. Analysis & Synthesis Settings
  4. Parallel Compilation
  5. Analysis & Synthesis Source Files Read
  6. Analysis & Synthesis Resource Usage Summary
  7. Analysis & Synthesis Resource Utilization by Entity
  8. State Machine - |bdfteste|StateMachine:inst|inicio
  9. Registers Removed During Synthesis
 10. General Register Statistics
 11. Multiplexer Restructuring Statistics (Restructuring Performed)
 12. Parameter Settings for User Entity Instance: DebouncerReset:inst3
 13. Parameter Settings for User Entity Instance: DebouncerA:a
 14. Parameter Settings for User Entity Instance: DebouncerB:inst2
 15. Parameter Settings for Inferred Entity Instance: Decoder2:inst11|lpm_divide:Mod0
 16. Parameter Settings for Inferred Entity Instance: Decoder2:inst11|lpm_divide:Div0
 17. Parameter Settings for Inferred Entity Instance: Decoder2:inst11|lpm_divide:Mod1
 18. Parameter Settings for Inferred Entity Instance: Decoder2:inst11|lpm_divide:Div1
 19. Post-Synthesis Netlist Statistics for Top Partition
 20. Elapsed Time Per Partition
 21. Analysis & Synthesis Messages



----------------
; Legal Notice ;
----------------
Copyright (C) 2017  Intel Corporation. All rights reserved.
Your use of Intel Corporation's design tools, logic functions 
and other software and tools, and its AMPP partner logic 
functions, and any output files from any of the foregoing 
(including device programming or simulation files), and any 
associated documentation or information are expressly subject 
to the terms and conditions of the Intel Program License 
Subscription Agreement, the Intel Quartus Prime License Agreement,
the Intel FPGA IP License Agreement, or other applicable license
agreement, including, without limitation, that your use is for
the sole purpose of programming logic devices manufactured by
Intel and sold by Intel or its authorized distributors.  Please
refer to the applicable agreement for further details.



+----------------------------------------------------------------------------------+
; Analysis & Synthesis Summary                                                     ;
+------------------------------------+---------------------------------------------+
; Analysis & Synthesis Status        ; Successful - Tue Jun 21 03:38:20 2022       ;
; Quartus Prime Version              ; 17.1.0 Build 590 10/25/2017 SJ Lite Edition ;
; Revision Name                      ; Tennis                                      ;
; Top-level Entity Name              ; bdfteste                                    ;
; Family                             ; Cyclone IV E                                ;
; Total logic elements               ; 685                                         ;
;     Total combinational functions  ; 682                                         ;
;     Dedicated logic registers      ; 102                                         ;
; Total registers                    ; 102                                         ;
; Total pins                         ; 32                                          ;
; Total virtual pins                 ; 0                                           ;
; Total memory bits                  ; 0                                           ;
; Embedded Multiplier 9-bit elements ; 0                                           ;
; Total PLLs                         ; 0                                           ;
+------------------------------------+---------------------------------------------+


+----------------------------------------------------------------------------------------------------------------------+
; Analysis & Synthesis Settings                                                                                        ;
+----------------------------------------------------------------------------+--------------------+--------------------+
; Option                                                                     ; Setting            ; Default Value      ;
+----------------------------------------------------------------------------+--------------------+--------------------+
; Device                                                                     ; EP4CE115F29C7      ;                    ;
; Top-level entity name                                                      ; bdfteste           ; Tennis             ;
; Family name                                                                ; Cyclone IV E       ; Cyclone V          ;
; Use smart compilation                                                      ; Off                ; Off                ;
; Enable parallel Assembler and TimeQuest Timing Analyzer during compilation ; On                 ; On                 ;
; Enable compact report table                                                ; Off                ; Off                ;
; Restructure Multiplexers                                                   ; Auto               ; Auto               ;
; Create Debugging Nodes for IP Cores                                        ; Off                ; Off                ;
; Preserve fewer node names                                                  ; On                 ; On                 ;
; Intel FPGA IP Evaluation Mode                                              ; Enable             ; Enable             ;
; Verilog Version                                                            ; Verilog_2001       ; Verilog_2001       ;
; VHDL Version                                                               ; VHDL_1993          ; VHDL_1993          ;
; State Machine Processing                                                   ; Auto               ; Auto               ;
; Safe State Machine                                                         ; Off                ; Off                ;
; Extract Verilog State Machines                                             ; On                 ; On                 ;
; Extract VHDL State Machines                                                ; On                 ; On                 ;
; Ignore Verilog initial constructs                                          ; Off                ; Off                ;
; Iteration limit for constant Verilog loops                                 ; 5000               ; 5000               ;
; Iteration limit for non-constant Verilog loops                             ; 250                ; 250                ;
; Add Pass-Through Logic to Inferred RAMs                                    ; On                 ; On                 ;
; Infer RAMs from Raw Logic                                                  ; On                 ; On                 ;
; Parallel Synthesis                                                         ; On                 ; On                 ;
; DSP Block Balancing                                                        ; Auto               ; Auto               ;
; NOT Gate Push-Back                                                         ; On                 ; On                 ;
; Power-Up Don't Care                                                        ; On                 ; On                 ;
; Remove Redundant Logic Cells                                               ; Off                ; Off                ;
; Remove Duplicate Registers                                                 ; On                 ; On                 ;
; Ignore CARRY Buffers                                                       ; Off                ; Off                ;
; Ignore CASCADE Buffers                                                     ; Off                ; Off                ;
; Ignore GLOBAL Buffers                                                      ; Off                ; Off                ;
; Ignore ROW GLOBAL Buffers                                                  ; Off                ; Off                ;
; Ignore LCELL Buffers                                                       ; Off                ; Off                ;
; Ignore SOFT Buffers                                                        ; On                 ; On                 ;
; Limit AHDL Integers to 32 Bits                                             ; Off                ; Off                ;
; Optimization Technique                                                     ; Balanced           ; Balanced           ;
; Carry Chain Length                                                         ; 70                 ; 70                 ;
; Auto Carry Chains                                                          ; On                 ; On                 ;
; Auto Open-Drain Pins                                                       ; On                 ; On                 ;
; Perform WYSIWYG Primitive Resynthesis                                      ; Off                ; Off                ;
; Auto ROM Replacement                                                       ; On                 ; On                 ;
; Auto RAM Replacement                                                       ; On                 ; On                 ;
; Auto DSP Block Replacement                                                 ; On                 ; On                 ;
; Auto Shift Register Replacement                                            ; Auto               ; Auto               ;
; Allow Shift Register Merging across Hierarchies                            ; Auto               ; Auto               ;
; Auto Clock Enable Replacement                                              ; On                 ; On                 ;
; Strict RAM Replacement                                                     ; Off                ; Off                ;
; Allow Synchronous Control Signals                                          ; On                 ; On                 ;
; Force Use of Synchronous Clear Signals                                     ; Off                ; Off                ;
; Auto RAM Block Balancing                                                   ; On                 ; On                 ;
; Auto RAM to Logic Cell Conversion                                          ; Off                ; Off                ;
; Auto Resource Sharing                                                      ; Off                ; Off                ;
; Allow Any RAM Size For Recognition                                         ; Off                ; Off                ;
; Allow Any ROM Size For Recognition                                         ; Off                ; Off                ;
; Allow Any Shift Register Size For Recognition                              ; Off                ; Off                ;
; Use LogicLock Constraints during Resource Balancing                        ; On                 ; On                 ;
; Ignore translate_off and synthesis_off directives                          ; Off                ; Off                ;
; Timing-Driven Synthesis                                                    ; On                 ; On                 ;
; Report Parameter Settings                                                  ; On                 ; On                 ;
; Report Source Assignments                                                  ; On                 ; On                 ;
; Report Connectivity Checks                                                 ; On                 ; On                 ;
; Ignore Maximum Fan-Out Assignments                                         ; Off                ; Off                ;
; Synchronization Register Chain Length                                      ; 2                  ; 2                  ;
; Power Optimization During Synthesis                                        ; Normal compilation ; Normal compilation ;
; HDL message level                                                          ; Level2             ; Level2             ;
; Suppress Register Optimization Related Messages                            ; Off                ; Off                ;
; Number of Removed Registers Reported in Synthesis Report                   ; 5000               ; 5000               ;
; Number of Swept Nodes Reported in Synthesis Report                         ; 5000               ; 5000               ;
; Number of Inverted Registers Reported in Synthesis Report                  ; 100                ; 100                ;
; Clock MUX Protection                                                       ; On                 ; On                 ;
; Auto Gated Clock Conversion                                                ; Off                ; Off                ;
; Block Design Naming                                                        ; Auto               ; Auto               ;
; SDC constraint protection                                                  ; Off                ; Off                ;
; Synthesis Effort                                                           ; Auto               ; Auto               ;
; Shift Register Replacement - Allow Asynchronous Clear Signal               ; On                 ; On                 ;
; Pre-Mapping Resynthesis Optimization                                       ; Off                ; Off                ;
; Analysis & Synthesis Message Level                                         ; Medium             ; Medium             ;
; Disable Register Merging Across Hierarchies                                ; Auto               ; Auto               ;
; Resource Aware Inference For Block RAM                                     ; On                 ; On                 ;
+----------------------------------------------------------------------------+--------------------+--------------------+


+------------------------------------------+
; Parallel Compilation                     ;
+----------------------------+-------------+
; Processors                 ; Number      ;
+----------------------------+-------------+
; Number detected on machine ; 16          ;
; Maximum allowed            ; 16          ;
;                            ;             ;
; Average used               ; 1.00        ;
; Maximum used               ; 16          ;
;                            ;             ;
; Usage by Processor         ; % Time Used ;
;     Processor 1            ; 100.0%      ;
;     Processors 2-16        ;   0.0%      ;
+----------------------------+-------------+


+---------------------------------------------------------------------------------------------------------------------------------------------------------------------------------------------+
; Analysis & Synthesis Source Files Read                                                                                                                                                      ;
+----------------------------------+-----------------+------------------------------------+-----------------------------------------------------------------------------------------+---------+
; File Name with User-Entered Path ; Used in Netlist ; File Type                          ; File Name with Absolute Path                                                            ; Library ;
+----------------------------------+-----------------+------------------------------------+-----------------------------------------------------------------------------------------+---------+
; counter.vhd                      ; yes             ; User VHDL File                     ; C:/Users/luisb/OneDrive/Ambiente de Trabalho/ProjetoFinalLSD/counter.vhd                ;         ;
; DebouncerReset.vhd               ; yes             ; User VHDL File                     ; C:/Users/luisb/OneDrive/Ambiente de Trabalho/ProjetoFinalLSD/DebouncerReset.vhd         ;         ;
; DebouncerA.vhd                   ; yes             ; User VHDL File                     ; C:/Users/luisb/OneDrive/Ambiente de Trabalho/ProjetoFinalLSD/DebouncerA.vhd             ;         ;
; DebouncerB.vhd                   ; yes             ; User VHDL File                     ; C:/Users/luisb/OneDrive/Ambiente de Trabalho/ProjetoFinalLSD/DebouncerB.vhd             ;         ;
; StateMachine.vhd                 ; yes             ; User VHDL File                     ; C:/Users/luisb/OneDrive/Ambiente de Trabalho/ProjetoFinalLSD/StateMachine.vhd           ;         ;
; Decoder.vhd                      ; yes             ; User VHDL File                     ; C:/Users/luisb/OneDrive/Ambiente de Trabalho/ProjetoFinalLSD/Decoder.vhd                ;         ;
; bdfteste.bdf                     ; yes             ; User Block Diagram/Schematic File  ; C:/Users/luisb/OneDrive/Ambiente de Trabalho/ProjetoFinalLSD/bdfteste.bdf               ;         ;
; Decoder2.vhd                     ; yes             ; User VHDL File                     ; C:/Users/luisb/OneDrive/Ambiente de Trabalho/ProjetoFinalLSD/Decoder2.vhd               ;         ;
; lpm_divide.tdf                   ; yes             ; Megafunction                       ; c:/intelfpga_lite/17.1/quartus/libraries/megafunctions/lpm_divide.tdf                   ;         ;
; abs_divider.inc                  ; yes             ; Megafunction                       ; c:/intelfpga_lite/17.1/quartus/libraries/megafunctions/abs_divider.inc                  ;         ;
; sign_div_unsign.inc              ; yes             ; Megafunction                       ; c:/intelfpga_lite/17.1/quartus/libraries/megafunctions/sign_div_unsign.inc              ;         ;
; aglobal171.inc                   ; yes             ; Megafunction                       ; c:/intelfpga_lite/17.1/quartus/libraries/megafunctions/aglobal171.inc                   ;         ;
; db/lpm_divide_o9m.tdf            ; yes             ; Auto-Generated Megafunction        ; C:/Users/luisb/OneDrive/Ambiente de Trabalho/ProjetoFinalLSD/db/lpm_divide_o9m.tdf      ;         ;
; db/sign_div_unsign_dkh.tdf       ; yes             ; Auto-Generated Megafunction        ; C:/Users/luisb/OneDrive/Ambiente de Trabalho/ProjetoFinalLSD/db/sign_div_unsign_dkh.tdf ;         ;
; db/alt_u_div_e4f.tdf             ; yes             ; Auto-Generated Megafunction        ; C:/Users/luisb/OneDrive/Ambiente de Trabalho/ProjetoFinalLSD/db/alt_u_div_e4f.tdf       ;         ;
; db/add_sub_7pc.tdf               ; yes             ; Auto-Generated Megafunction        ; C:/Users/luisb/OneDrive/Ambiente de Trabalho/ProjetoFinalLSD/db/add_sub_7pc.tdf         ;         ;
; db/add_sub_8pc.tdf               ; yes             ; Auto-Generated Megafunction        ; C:/Users/luisb/OneDrive/Ambiente de Trabalho/ProjetoFinalLSD/db/add_sub_8pc.tdf         ;         ;
; db/lpm_divide_ihm.tdf            ; yes             ; Auto-Generated Megafunction        ; C:/Users/luisb/OneDrive/Ambiente de Trabalho/ProjetoFinalLSD/db/lpm_divide_ihm.tdf      ;         ;
; db/sign_div_unsign_akh.tdf       ; yes             ; Auto-Generated Megafunction        ; C:/Users/luisb/OneDrive/Ambiente de Trabalho/ProjetoFinalLSD/db/sign_div_unsign_akh.tdf ;         ;
; db/alt_u_div_84f.tdf             ; yes             ; Auto-Generated Megafunction        ; C:/Users/luisb/OneDrive/Ambiente de Trabalho/ProjetoFinalLSD/db/alt_u_div_84f.tdf       ;         ;
+----------------------------------+-----------------+------------------------------------+-----------------------------------------------------------------------------------------+---------+


+--------------------------------------------------------------+
; Analysis & Synthesis Resource Usage Summary                  ;
+---------------------------------------------+----------------+
; Resource                                    ; Usage          ;
+---------------------------------------------+----------------+
; Estimated Total logic elements              ; 685            ;
;                                             ;                ;
; Total combinational functions               ; 682            ;
; Logic element usage by number of LUT inputs ;                ;
;     -- 4 input functions                    ; 241            ;
;     -- 3 input functions                    ; 163            ;
;     -- <=2 input functions                  ; 278            ;
;                                             ;                ;
; Logic elements by mode                      ;                ;
;     -- normal mode                          ; 499            ;
;     -- arithmetic mode                      ; 183            ;
;                                             ;                ;
; Total registers                             ; 102            ;
;     -- Dedicated logic registers            ; 102            ;
;     -- I/O registers                        ; 0              ;
;                                             ;                ;
; I/O pins                                    ; 32             ;
;                                             ;                ;
; Embedded Multiplier 9-bit elements          ; 0              ;
;                                             ;                ;
; Maximum fan-out node                        ; CLOCK_50~input ;
; Maximum fan-out                             ; 102            ;
; Total fan-out                               ; 2306           ;
; Average fan-out                             ; 2.72           ;
+---------------------------------------------+----------------+


+---------------------------------------------------------------------------------------------------------------------------------------------------------------------------------------------------------------------------------------------------------------------------------------------------------------------------------------+
; Analysis & Synthesis Resource Utilization by Entity                                                                                                                                                                                                                                                                                   ;
+-------------------------------------------+---------------------+---------------------------+-------------+--------------+---------+-----------+------+--------------+---------------------------------------------------------------------------------------------------------------------------+---------------------+--------------+
; Compilation Hierarchy Node                ; Combinational ALUTs ; Dedicated Logic Registers ; Memory Bits ; DSP Elements ; DSP 9x9 ; DSP 18x18 ; Pins ; Virtual Pins ; Full Hierarchy Name                                                                                                       ; Entity Name         ; Library Name ;
+-------------------------------------------+---------------------+---------------------------+-------------+--------------+---------+-----------+------+--------------+---------------------------------------------------------------------------------------------------------------------------+---------------------+--------------+
; |bdfteste                                 ; 682 (0)             ; 102 (0)                   ; 0           ; 0            ; 0       ; 0         ; 32   ; 0            ; |bdfteste                                                                                                                 ; bdfteste            ; work         ;
;    |Counter:inst15|                       ; 14 (14)             ; 14 (14)                   ; 0           ; 0            ; 0       ; 0         ; 0    ; 0            ; |bdfteste|Counter:inst15                                                                                                  ; Counter             ; work         ;
;    |DebouncerA:a|                         ; 68 (68)             ; 26 (26)                   ; 0           ; 0            ; 0       ; 0         ; 0    ; 0            ; |bdfteste|DebouncerA:a                                                                                                    ; DebouncerA          ; work         ;
;    |DebouncerB:inst2|                     ; 68 (68)             ; 26 (26)                   ; 0           ; 0            ; 0       ; 0         ; 0    ; 0            ; |bdfteste|DebouncerB:inst2                                                                                                ; DebouncerB          ; work         ;
;    |DebouncerReset:inst3|                 ; 80 (80)             ; 31 (31)                   ; 0           ; 0            ; 0       ; 0         ; 0    ; 0            ; |bdfteste|DebouncerReset:inst3                                                                                            ; DebouncerReset      ; work         ;
;    |Decoder2:inst11|                      ; 215 (25)            ; 0 (0)                     ; 0           ; 0            ; 0       ; 0         ; 0    ; 0            ; |bdfteste|Decoder2:inst11                                                                                                 ; Decoder2            ; work         ;
;       |lpm_divide:Div0|                   ; 43 (0)              ; 0 (0)                     ; 0           ; 0            ; 0       ; 0         ; 0    ; 0            ; |bdfteste|Decoder2:inst11|lpm_divide:Div0                                                                                 ; lpm_divide          ; work         ;
;          |lpm_divide_ihm:auto_generated|  ; 43 (0)              ; 0 (0)                     ; 0           ; 0            ; 0       ; 0         ; 0    ; 0            ; |bdfteste|Decoder2:inst11|lpm_divide:Div0|lpm_divide_ihm:auto_generated                                                   ; lpm_divide_ihm      ; work         ;
;             |sign_div_unsign_akh:divider| ; 43 (0)              ; 0 (0)                     ; 0           ; 0            ; 0       ; 0         ; 0    ; 0            ; |bdfteste|Decoder2:inst11|lpm_divide:Div0|lpm_divide_ihm:auto_generated|sign_div_unsign_akh:divider                       ; sign_div_unsign_akh ; work         ;
;                |alt_u_div_84f:divider|    ; 43 (43)             ; 0 (0)                     ; 0           ; 0            ; 0       ; 0         ; 0    ; 0            ; |bdfteste|Decoder2:inst11|lpm_divide:Div0|lpm_divide_ihm:auto_generated|sign_div_unsign_akh:divider|alt_u_div_84f:divider ; alt_u_div_84f       ; work         ;
;       |lpm_divide:Div1|                   ; 43 (0)              ; 0 (0)                     ; 0           ; 0            ; 0       ; 0         ; 0    ; 0            ; |bdfteste|Decoder2:inst11|lpm_divide:Div1                                                                                 ; lpm_divide          ; work         ;
;          |lpm_divide_ihm:auto_generated|  ; 43 (0)              ; 0 (0)                     ; 0           ; 0            ; 0       ; 0         ; 0    ; 0            ; |bdfteste|Decoder2:inst11|lpm_divide:Div1|lpm_divide_ihm:auto_generated                                                   ; lpm_divide_ihm      ; work         ;
;             |sign_div_unsign_akh:divider| ; 43 (0)              ; 0 (0)                     ; 0           ; 0            ; 0       ; 0         ; 0    ; 0            ; |bdfteste|Decoder2:inst11|lpm_divide:Div1|lpm_divide_ihm:auto_generated|sign_div_unsign_akh:divider                       ; sign_div_unsign_akh ; work         ;
;                |alt_u_div_84f:divider|    ; 43 (43)             ; 0 (0)                     ; 0           ; 0            ; 0       ; 0         ; 0    ; 0            ; |bdfteste|Decoder2:inst11|lpm_divide:Div1|lpm_divide_ihm:auto_generated|sign_div_unsign_akh:divider|alt_u_div_84f:divider ; alt_u_div_84f       ; work         ;
;       |lpm_divide:Mod0|                   ; 52 (0)              ; 0 (0)                     ; 0           ; 0            ; 0       ; 0         ; 0    ; 0            ; |bdfteste|Decoder2:inst11|lpm_divide:Mod0                                                                                 ; lpm_divide          ; work         ;
;          |lpm_divide_o9m:auto_generated|  ; 52 (0)              ; 0 (0)                     ; 0           ; 0            ; 0       ; 0         ; 0    ; 0            ; |bdfteste|Decoder2:inst11|lpm_divide:Mod0|lpm_divide_o9m:auto_generated                                                   ; lpm_divide_o9m      ; work         ;
;             |sign_div_unsign_dkh:divider| ; 52 (0)              ; 0 (0)                     ; 0           ; 0            ; 0       ; 0         ; 0    ; 0            ; |bdfteste|Decoder2:inst11|lpm_divide:Mod0|lpm_divide_o9m:auto_generated|sign_div_unsign_dkh:divider                       ; sign_div_unsign_dkh ; work         ;
;                |alt_u_div_e4f:divider|    ; 52 (52)             ; 0 (0)                     ; 0           ; 0            ; 0       ; 0         ; 0    ; 0            ; |bdfteste|Decoder2:inst11|lpm_divide:Mod0|lpm_divide_o9m:auto_generated|sign_div_unsign_dkh:divider|alt_u_div_e4f:divider ; alt_u_div_e4f       ; work         ;
;       |lpm_divide:Mod1|                   ; 52 (0)              ; 0 (0)                     ; 0           ; 0            ; 0       ; 0         ; 0    ; 0            ; |bdfteste|Decoder2:inst11|lpm_divide:Mod1                                                                                 ; lpm_divide          ; work         ;
;          |lpm_divide_o9m:auto_generated|  ; 52 (0)              ; 0 (0)                     ; 0           ; 0            ; 0       ; 0         ; 0    ; 0            ; |bdfteste|Decoder2:inst11|lpm_divide:Mod1|lpm_divide_o9m:auto_generated                                                   ; lpm_divide_o9m      ; work         ;
;             |sign_div_unsign_dkh:divider| ; 52 (0)              ; 0 (0)                     ; 0           ; 0            ; 0       ; 0         ; 0    ; 0            ; |bdfteste|Decoder2:inst11|lpm_divide:Mod1|lpm_divide_o9m:auto_generated|sign_div_unsign_dkh:divider                       ; sign_div_unsign_dkh ; work         ;
;                |alt_u_div_e4f:divider|    ; 52 (52)             ; 0 (0)                     ; 0           ; 0            ; 0       ; 0         ; 0    ; 0            ; |bdfteste|Decoder2:inst11|lpm_divide:Mod1|lpm_divide_o9m:auto_generated|sign_div_unsign_dkh:divider|alt_u_div_e4f:divider ; alt_u_div_e4f       ; work         ;
;    |Decoder:inst9|                        ; 168 (168)           ; 0 (0)                     ; 0           ; 0            ; 0       ; 0         ; 0    ; 0            ; |bdfteste|Decoder:inst9                                                                                                   ; Decoder             ; work         ;
;    |StateMachine:inst|                    ; 69 (69)             ; 5 (5)                     ; 0           ; 0            ; 0       ; 0         ; 0    ; 0            ; |bdfteste|StateMachine:inst                                                                                               ; StateMachine        ; work         ;
+-------------------------------------------+---------------------+---------------------------+-------------+--------------+---------+-----------+------+--------------+---------------------------------------------------------------------------------------------------------------------------+---------------------+--------------+
Note: For table entries with two numbers listed, the numbers in parentheses indicate the number of resources of the given type used by the specific entity alone. The numbers listed outside of parentheses indicate the total resources of the given type used by the specific entity and all of its sub-entities in the hierarchy.


Encoding Type:  One-Hot
+------------------------------------------------------------------------------------------------------------+
; State Machine - |bdfteste|StateMachine:inst|inicio                                                         ;
+-----------------+-----------------+------------+------------+--------------+--------------+----------------+
; Name            ; inicio.TieBreak ; inicio.Fad ; inicio.adF ; inicio.Deuce ; inicio.count ; inicio.inicial ;
+-----------------+-----------------+------------+------------+--------------+--------------+----------------+
; inicio.inicial  ; 0               ; 0          ; 0          ; 0            ; 0            ; 0              ;
; inicio.count    ; 0               ; 0          ; 0          ; 0            ; 1            ; 1              ;
; inicio.Deuce    ; 0               ; 0          ; 0          ; 1            ; 0            ; 1              ;
; inicio.adF      ; 0               ; 0          ; 1          ; 0            ; 0            ; 1              ;
; inicio.Fad      ; 0               ; 1          ; 0          ; 0            ; 0            ; 1              ;
; inicio.TieBreak ; 1               ; 0          ; 0          ; 0            ; 0            ; 1              ;
+-----------------+-----------------+------------+------------+--------------+--------------+----------------+


+--------------------------------------------------------------------------------+
; Registers Removed During Synthesis                                             ;
+---------------------------------------+----------------------------------------+
; Register name                         ; Reason for Removal                     ;
+---------------------------------------+----------------------------------------+
; StateMachine:inst|inicio.TieBreak     ; Stuck at GND due to stuck port data_in ;
; Total Number of Removed Registers = 1 ;                                        ;
+---------------------------------------+----------------------------------------+


+------------------------------------------------------+
; General Register Statistics                          ;
+----------------------------------------------+-------+
; Statistic                                    ; Value ;
+----------------------------------------------+-------+
; Total registers                              ; 102   ;
; Number of registers using Synchronous Clear  ; 14    ;
; Number of registers using Synchronous Load   ; 0     ;
; Number of registers using Asynchronous Clear ; 5     ;
; Number of registers using Asynchronous Load  ; 0     ;
; Number of registers using Clock Enable       ; 56    ;
; Number of registers using Preset             ; 0     ;
+----------------------------------------------+-------+


+----------------------------------------------------------------------------------------------------------------------------------------------------------------+
; Multiplexer Restructuring Statistics (Restructuring Performed)                                                                                                 ;
+--------------------+-----------+---------------+----------------------+------------------------+------------+--------------------------------------------------+
; Multiplexer Inputs ; Bus Width ; Baseline Area ; Area if Restructured ; Saving if Restructured ; Registered ; Example Multiplexer Output                       ;
+--------------------+-----------+---------------+----------------------+------------------------+------------+--------------------------------------------------+
; 5:1                ; 28 bits   ; 84 LEs        ; 56 LEs               ; 28 LEs                 ; Yes        ; |bdfteste|DebouncerReset:inst3|s_debounceCnt[11] ;
; 5:1                ; 23 bits   ; 69 LEs        ; 46 LEs               ; 23 LEs                 ; Yes        ; |bdfteste|DebouncerB:inst2|s_debounceCnt[6]      ;
; 5:1                ; 23 bits   ; 69 LEs        ; 46 LEs               ; 23 LEs                 ; Yes        ; |bdfteste|DebouncerA:a|s_debounceCnt[14]         ;
; 14:1               ; 2 bits    ; 18 LEs        ; 18 LEs               ; 0 LEs                  ; No         ; |bdfteste|Decoder:inst9|HEX4[2]                  ;
; 14:1               ; 2 bits    ; 18 LEs        ; 18 LEs               ; 0 LEs                  ; No         ; |bdfteste|Decoder:inst9|HEX6[2]                  ;
; 15:1               ; 2 bits    ; 20 LEs        ; 20 LEs               ; 0 LEs                  ; No         ; |bdfteste|Decoder:inst9|HEX4[4]                  ;
; 14:1               ; 2 bits    ; 18 LEs        ; 18 LEs               ; 0 LEs                  ; No         ; |bdfteste|Decoder:inst9|HEX5[2]                  ;
; 15:1               ; 2 bits    ; 20 LEs        ; 20 LEs               ; 0 LEs                  ; No         ; |bdfteste|Decoder:inst9|HEX6[3]                  ;
; 14:1               ; 2 bits    ; 18 LEs        ; 18 LEs               ; 0 LEs                  ; No         ; |bdfteste|Decoder:inst9|HEX7[0]                  ;
; 15:1               ; 2 bits    ; 20 LEs        ; 20 LEs               ; 0 LEs                  ; No         ; |bdfteste|Decoder:inst9|HEX5[4]                  ;
; 15:1               ; 2 bits    ; 20 LEs        ; 20 LEs               ; 0 LEs                  ; No         ; |bdfteste|Decoder:inst9|HEX7[3]                  ;
; 16:1               ; 2 bits    ; 20 LEs        ; 20 LEs               ; 0 LEs                  ; No         ; |bdfteste|Decoder:inst9|HEX4[6]                  ;
; 16:1               ; 2 bits    ; 20 LEs        ; 20 LEs               ; 0 LEs                  ; No         ; |bdfteste|Decoder:inst9|HEX5[1]                  ;
; 16:1               ; 2 bits    ; 20 LEs        ; 20 LEs               ; 0 LEs                  ; No         ; |bdfteste|Decoder:inst9|HEX6[6]                  ;
; 16:1               ; 2 bits    ; 20 LEs        ; 20 LEs               ; 0 LEs                  ; No         ; |bdfteste|Decoder:inst9|HEX7[1]                  ;
+--------------------+-----------+---------------+----------------------+------------------------+------------+--------------------------------------------------+


+-------------------------------------------------------------------+
; Parameter Settings for User Entity Instance: DebouncerReset:inst3 ;
+----------------+-------+------------------------------------------+
; Parameter Name ; Value ; Type                                     ;
+----------------+-------+------------------------------------------+
; khzclkfreq     ; 50000 ; Signed Integer                           ;
; msecmininwidth ; 3000  ; Signed Integer                           ;
; inpolarity     ; '0'   ; Enumerated                               ;
; outpolarity    ; '1'   ; Enumerated                               ;
+----------------+-------+------------------------------------------+
Note: In order to hide this table in the UI and the text report file, please set the "Show Parameter Settings in Synthesis Report" option in "Analysis and Synthesis Settings -> More Settings" to "Off".


+-----------------------------------------------------------+
; Parameter Settings for User Entity Instance: DebouncerA:a ;
+----------------+-------+----------------------------------+
; Parameter Name ; Value ; Type                             ;
+----------------+-------+----------------------------------+
; khzclkfreq     ; 50000 ; Signed Integer                   ;
; msecmininwidth ; 100   ; Signed Integer                   ;
; inpolarity     ; '0'   ; Enumerated                       ;
; outpolarity    ; '1'   ; Enumerated                       ;
+----------------+-------+----------------------------------+
Note: In order to hide this table in the UI and the text report file, please set the "Show Parameter Settings in Synthesis Report" option in "Analysis and Synthesis Settings -> More Settings" to "Off".


+---------------------------------------------------------------+
; Parameter Settings for User Entity Instance: DebouncerB:inst2 ;
+----------------+-------+--------------------------------------+
; Parameter Name ; Value ; Type                                 ;
+----------------+-------+--------------------------------------+
; khzclkfreq     ; 50000 ; Signed Integer                       ;
; msecmininwidth ; 100   ; Signed Integer                       ;
; inpolarity     ; '0'   ; Enumerated                           ;
; outpolarity    ; '1'   ; Enumerated                           ;
+----------------+-------+--------------------------------------+
Note: In order to hide this table in the UI and the text report file, please set the "Show Parameter Settings in Synthesis Report" option in "Analysis and Synthesis Settings -> More Settings" to "Off".


+----------------------------------------------------------------------------------+
; Parameter Settings for Inferred Entity Instance: Decoder2:inst11|lpm_divide:Mod0 ;
+------------------------+----------------+----------------------------------------+
; Parameter Name         ; Value          ; Type                                   ;
+------------------------+----------------+----------------------------------------+
; LPM_WIDTHN             ; 7              ; Untyped                                ;
; LPM_WIDTHD             ; 7              ; Untyped                                ;
; LPM_NREPRESENTATION    ; UNSIGNED       ; Untyped                                ;
; LPM_DREPRESENTATION    ; UNSIGNED       ; Untyped                                ;
; LPM_PIPELINE           ; 0              ; Untyped                                ;
; LPM_REMAINDERPOSITIVE  ; TRUE           ; Untyped                                ;
; MAXIMIZE_SPEED         ; 5              ; Untyped                                ;
; CBXI_PARAMETER         ; lpm_divide_o9m ; Untyped                                ;
; CARRY_CHAIN            ; MANUAL         ; Untyped                                ;
; OPTIMIZE_FOR_SPEED     ; 5              ; Untyped                                ;
; AUTO_CARRY_CHAINS      ; ON             ; AUTO_CARRY                             ;
; IGNORE_CARRY_BUFFERS   ; OFF            ; IGNORE_CARRY                           ;
; AUTO_CASCADE_CHAINS    ; ON             ; AUTO_CASCADE                           ;
; IGNORE_CASCADE_BUFFERS ; OFF            ; IGNORE_CASCADE                         ;
+------------------------+----------------+----------------------------------------+
Note: In order to hide this table in the UI and the text report file, please set the "Show Parameter Settings in Synthesis Report" option in "Analysis and Synthesis Settings -> More Settings" to "Off".


+----------------------------------------------------------------------------------+
; Parameter Settings for Inferred Entity Instance: Decoder2:inst11|lpm_divide:Div0 ;
+------------------------+----------------+----------------------------------------+
; Parameter Name         ; Value          ; Type                                   ;
+------------------------+----------------+----------------------------------------+
; LPM_WIDTHN             ; 7              ; Untyped                                ;
; LPM_WIDTHD             ; 4              ; Untyped                                ;
; LPM_NREPRESENTATION    ; UNSIGNED       ; Untyped                                ;
; LPM_DREPRESENTATION    ; UNSIGNED       ; Untyped                                ;
; LPM_PIPELINE           ; 0              ; Untyped                                ;
; LPM_REMAINDERPOSITIVE  ; TRUE           ; Untyped                                ;
; MAXIMIZE_SPEED         ; 5              ; Untyped                                ;
; CBXI_PARAMETER         ; lpm_divide_ihm ; Untyped                                ;
; CARRY_CHAIN            ; MANUAL         ; Untyped                                ;
; OPTIMIZE_FOR_SPEED     ; 5              ; Untyped                                ;
; AUTO_CARRY_CHAINS      ; ON             ; AUTO_CARRY                             ;
; IGNORE_CARRY_BUFFERS   ; OFF            ; IGNORE_CARRY                           ;
; AUTO_CASCADE_CHAINS    ; ON             ; AUTO_CASCADE                           ;
; IGNORE_CASCADE_BUFFERS ; OFF            ; IGNORE_CASCADE                         ;
+------------------------+----------------+----------------------------------------+
Note: In order to hide this table in the UI and the text report file, please set the "Show Parameter Settings in Synthesis Report" option in "Analysis and Synthesis Settings -> More Settings" to "Off".


+----------------------------------------------------------------------------------+
; Parameter Settings for Inferred Entity Instance: Decoder2:inst11|lpm_divide:Mod1 ;
+------------------------+----------------+----------------------------------------+
; Parameter Name         ; Value          ; Type                                   ;
+------------------------+----------------+----------------------------------------+
; LPM_WIDTHN             ; 7              ; Untyped                                ;
; LPM_WIDTHD             ; 7              ; Untyped                                ;
; LPM_NREPRESENTATION    ; UNSIGNED       ; Untyped                                ;
; LPM_DREPRESENTATION    ; UNSIGNED       ; Untyped                                ;
; LPM_PIPELINE           ; 0              ; Untyped                                ;
; LPM_REMAINDERPOSITIVE  ; TRUE           ; Untyped                                ;
; MAXIMIZE_SPEED         ; 5              ; Untyped                                ;
; CBXI_PARAMETER         ; lpm_divide_o9m ; Untyped                                ;
; CARRY_CHAIN            ; MANUAL         ; Untyped                                ;
; OPTIMIZE_FOR_SPEED     ; 5              ; Untyped                                ;
; AUTO_CARRY_CHAINS      ; ON             ; AUTO_CARRY                             ;
; IGNORE_CARRY_BUFFERS   ; OFF            ; IGNORE_CARRY                           ;
; AUTO_CASCADE_CHAINS    ; ON             ; AUTO_CASCADE                           ;
; IGNORE_CASCADE_BUFFERS ; OFF            ; IGNORE_CASCADE                         ;
+------------------------+----------------+----------------------------------------+
Note: In order to hide this table in the UI and the text report file, please set the "Show Parameter Settings in Synthesis Report" option in "Analysis and Synthesis Settings -> More Settings" to "Off".


+----------------------------------------------------------------------------------+
; Parameter Settings for Inferred Entity Instance: Decoder2:inst11|lpm_divide:Div1 ;
+------------------------+----------------+----------------------------------------+
; Parameter Name         ; Value          ; Type                                   ;
+------------------------+----------------+----------------------------------------+
; LPM_WIDTHN             ; 7              ; Untyped                                ;
; LPM_WIDTHD             ; 4              ; Untyped                                ;
; LPM_NREPRESENTATION    ; UNSIGNED       ; Untyped                                ;
; LPM_DREPRESENTATION    ; UNSIGNED       ; Untyped                                ;
; LPM_PIPELINE           ; 0              ; Untyped                                ;
; LPM_REMAINDERPOSITIVE  ; TRUE           ; Untyped                                ;
; MAXIMIZE_SPEED         ; 5              ; Untyped                                ;
; CBXI_PARAMETER         ; lpm_divide_ihm ; Untyped                                ;
; CARRY_CHAIN            ; MANUAL         ; Untyped                                ;
; OPTIMIZE_FOR_SPEED     ; 5              ; Untyped                                ;
; AUTO_CARRY_CHAINS      ; ON             ; AUTO_CARRY                             ;
; IGNORE_CARRY_BUFFERS   ; OFF            ; IGNORE_CARRY                           ;
; AUTO_CASCADE_CHAINS    ; ON             ; AUTO_CASCADE                           ;
; IGNORE_CASCADE_BUFFERS ; OFF            ; IGNORE_CASCADE                         ;
+------------------------+----------------+----------------------------------------+
Note: In order to hide this table in the UI and the text report file, please set the "Show Parameter Settings in Synthesis Report" option in "Analysis and Synthesis Settings -> More Settings" to "Off".


+-----------------------------------------------------+
; Post-Synthesis Netlist Statistics for Top Partition ;
+-----------------------+-----------------------------+
; Type                  ; Count                       ;
+-----------------------+-----------------------------+
; boundary_port         ; 32                          ;
; cycloneiii_ff         ; 102                         ;
;     CLR               ; 5                           ;
;     ENA               ; 56                          ;
;     SCLR              ; 14                          ;
;     plain             ; 27                          ;
; cycloneiii_lcell_comb ; 682                         ;
;     arith             ; 183                         ;
;         2 data inputs ; 101                         ;
;         3 data inputs ; 82                          ;
;     normal            ; 499                         ;
;         0 data inputs ; 16                          ;
;         1 data inputs ; 10                          ;
;         2 data inputs ; 151                         ;
;         3 data inputs ; 81                          ;
;         4 data inputs ; 241                         ;
;                       ;                             ;
; Max LUT depth         ; 16.80                       ;
; Average LUT depth     ; 9.81                        ;
+-----------------------+-----------------------------+


+-------------------------------+
; Elapsed Time Per Partition    ;
+----------------+--------------+
; Partition Name ; Elapsed Time ;
+----------------+--------------+
; Top            ; 00:00:02     ;
+----------------+--------------+


+-------------------------------+
; Analysis & Synthesis Messages ;
+-------------------------------+
Info: *******************************************************************
Info: Running Quartus Prime Analysis & Synthesis
    Info: Version 17.1.0 Build 590 10/25/2017 SJ Lite Edition
    Info: Processing started: Tue Jun 21 03:38:02 2022
Info: Command: quartus_map --read_settings_files=on --write_settings_files=off Tennis -c Tennis
Warning (18236): Number of processors has not been specified which may cause overloading on shared machines.  Set the global assignment NUM_PARALLEL_PROCESSORS in your QSF to an appropriate value for best performance.
Info (20030): Parallel compilation is enabled and will use 16 of the 16 processors detected
Info (12021): Found 2 design units, including 1 entities, in source file counter.vhd
    Info (12022): Found design unit 1: Counter-Behavioral File: C:/Users/luisb/OneDrive/Ambiente de Trabalho/ProjetoFinalLSD/counter.vhd Line: 15
    Info (12023): Found entity 1: Counter File: C:/Users/luisb/OneDrive/Ambiente de Trabalho/ProjetoFinalLSD/counter.vhd Line: 5
Info (12021): Found 2 design units, including 1 entities, in source file debouncerreset.vhd
    Info (12022): Found design unit 1: DebouncerReset-Behavioral File: C:/Users/luisb/OneDrive/Ambiente de Trabalho/ProjetoFinalLSD/DebouncerReset.vhd Line: 15
    Info (12023): Found entity 1: DebouncerReset File: C:/Users/luisb/OneDrive/Ambiente de Trabalho/ProjetoFinalLSD/DebouncerReset.vhd Line: 5
Info (12021): Found 2 design units, including 1 entities, in source file debouncera.vhd
    Info (12022): Found design unit 1: DebouncerA-Behavioral File: C:/Users/luisb/OneDrive/Ambiente de Trabalho/ProjetoFinalLSD/DebouncerA.vhd Line: 15
    Info (12023): Found entity 1: DebouncerA File: C:/Users/luisb/OneDrive/Ambiente de Trabalho/ProjetoFinalLSD/DebouncerA.vhd Line: 5
Info (12021): Found 2 design units, including 1 entities, in source file debouncerb.vhd
    Info (12022): Found design unit 1: DebouncerB-Behavioral File: C:/Users/luisb/OneDrive/Ambiente de Trabalho/ProjetoFinalLSD/DebouncerB.vhd Line: 15
    Info (12023): Found entity 1: DebouncerB File: C:/Users/luisb/OneDrive/Ambiente de Trabalho/ProjetoFinalLSD/DebouncerB.vhd Line: 5
Info (12021): Found 2 design units, including 1 entities, in source file statemachine.vhd
    Info (12022): Found design unit 1: StateMachine-Behavioral File: C:/Users/luisb/OneDrive/Ambiente de Trabalho/ProjetoFinalLSD/StateMachine.vhd Line: 21
    Info (12023): Found entity 1: StateMachine File: C:/Users/luisb/OneDrive/Ambiente de Trabalho/ProjetoFinalLSD/StateMachine.vhd Line: 6
Info (12021): Found 2 design units, including 1 entities, in source file decoder.vhd
    Info (12022): Found design unit 1: Decoder-Behavioral File: C:/Users/luisb/OneDrive/Ambiente de Trabalho/ProjetoFinalLSD/Decoder.vhd Line: 22
    Info (12023): Found entity 1: Decoder File: C:/Users/luisb/OneDrive/Ambiente de Trabalho/ProjetoFinalLSD/Decoder.vhd Line: 4
Info (12021): Found 1 design units, including 1 entities, in source file bdfteste.bdf
    Info (12023): Found entity 1: bdfteste
Info (12021): Found 2 design units, including 1 entities, in source file decoder2.vhd
    Info (12022): Found design unit 1: Decoder2-Behavioral File: C:/Users/luisb/OneDrive/Ambiente de Trabalho/ProjetoFinalLSD/Decoder2.vhd Line: 21
    Info (12023): Found entity 1: Decoder2 File: C:/Users/luisb/OneDrive/Ambiente de Trabalho/ProjetoFinalLSD/Decoder2.vhd Line: 8
Info (12127): Elaborating entity "bdfteste" for the top level hierarchy
Warning (275089): Not all bits in bus "KEY[3..0]" are used
Warning (275080): Converted elements in bus name "KEY" using legacy naming rules. Make any assignments on the new names, not on the original names.
    Warning (275081): Converted element name(s) from "KEY[1]" to "KEY1"
    Warning (275081): Converted element name(s) from "KEY[0]" to "KEY0"
    Warning (275081): Converted element name(s) from "KEY[3]" to "KEY3"
Info (12128): Elaborating entity "Decoder" for hierarchy "Decoder:inst9"
Info (12128): Elaborating entity "DebouncerReset" for hierarchy "DebouncerReset:inst3"
Info (12128): Elaborating entity "Decoder2" for hierarchy "Decoder2:inst11"
Info (12128): Elaborating entity "StateMachine" for hierarchy "StateMachine:inst"
Info (12128): Elaborating entity "Counter" for hierarchy "Counter:inst15"
Info (12128): Elaborating entity "DebouncerA" for hierarchy "DebouncerA:a"
Info (12128): Elaborating entity "DebouncerB" for hierarchy "DebouncerB:inst2"
Info (278001): Inferred 4 megafunctions from design logic
    Info (278004): Inferred divider/modulo megafunction ("lpm_divide") from the following logic: "Decoder2:inst11|Mod0" File: C:/Users/luisb/OneDrive/Ambiente de Trabalho/ProjetoFinalLSD/Decoder2.vhd Line: 30
    Info (278004): Inferred divider/modulo megafunction ("lpm_divide") from the following logic: "Decoder2:inst11|Div0" File: C:/Users/luisb/OneDrive/Ambiente de Trabalho/ProjetoFinalLSD/Decoder2.vhd Line: 29
    Info (278004): Inferred divider/modulo megafunction ("lpm_divide") from the following logic: "Decoder2:inst11|Mod1" File: C:/Users/luisb/OneDrive/Ambiente de Trabalho/ProjetoFinalLSD/Decoder2.vhd Line: 38
    Info (278004): Inferred divider/modulo megafunction ("lpm_divide") from the following logic: "Decoder2:inst11|Div1" File: C:/Users/luisb/OneDrive/Ambiente de Trabalho/ProjetoFinalLSD/Decoder2.vhd Line: 37
Info (12130): Elaborated megafunction instantiation "Decoder2:inst11|lpm_divide:Mod0" File: C:/Users/luisb/OneDrive/Ambiente de Trabalho/ProjetoFinalLSD/Decoder2.vhd Line: 30
Info (12133): Instantiated megafunction "Decoder2:inst11|lpm_divide:Mod0" with the following parameter: File: C:/Users/luisb/OneDrive/Ambiente de Trabalho/ProjetoFinalLSD/Decoder2.vhd Line: 30
    Info (12134): Parameter "LPM_WIDTHN" = "7"
    Info (12134): Parameter "LPM_WIDTHD" = "7"
    Info (12134): Parameter "LPM_NREPRESENTATION" = "UNSIGNED"
    Info (12134): Parameter "LPM_DREPRESENTATION" = "UNSIGNED"
Info (12021): Found 1 design units, including 1 entities, in source file db/lpm_divide_o9m.tdf
    Info (12023): Found entity 1: lpm_divide_o9m File: C:/Users/luisb/OneDrive/Ambiente de Trabalho/ProjetoFinalLSD/db/lpm_divide_o9m.tdf Line: 24
Info (12021): Found 1 design units, including 1 entities, in source file db/sign_div_unsign_dkh.tdf
    Info (12023): Found entity 1: sign_div_unsign_dkh File: C:/Users/luisb/OneDrive/Ambiente de Trabalho/ProjetoFinalLSD/db/sign_div_unsign_dkh.tdf Line: 24
Info (12021): Found 1 design units, including 1 entities, in source file db/alt_u_div_e4f.tdf
    Info (12023): Found entity 1: alt_u_div_e4f File: C:/Users/luisb/OneDrive/Ambiente de Trabalho/ProjetoFinalLSD/db/alt_u_div_e4f.tdf Line: 26
Info (12021): Found 1 design units, including 1 entities, in source file db/add_sub_7pc.tdf
    Info (12023): Found entity 1: add_sub_7pc File: C:/Users/luisb/OneDrive/Ambiente de Trabalho/ProjetoFinalLSD/db/add_sub_7pc.tdf Line: 22
Info (12021): Found 1 design units, including 1 entities, in source file db/add_sub_8pc.tdf
    Info (12023): Found entity 1: add_sub_8pc File: C:/Users/luisb/OneDrive/Ambiente de Trabalho/ProjetoFinalLSD/db/add_sub_8pc.tdf Line: 22
Info (12130): Elaborated megafunction instantiation "Decoder2:inst11|lpm_divide:Div0" File: C:/Users/luisb/OneDrive/Ambiente de Trabalho/ProjetoFinalLSD/Decoder2.vhd Line: 29
Info (12133): Instantiated megafunction "Decoder2:inst11|lpm_divide:Div0" with the following parameter: File: C:/Users/luisb/OneDrive/Ambiente de Trabalho/ProjetoFinalLSD/Decoder2.vhd Line: 29
    Info (12134): Parameter "LPM_WIDTHN" = "7"
    Info (12134): Parameter "LPM_WIDTHD" = "4"
    Info (12134): Parameter "LPM_NREPRESENTATION" = "UNSIGNED"
    Info (12134): Parameter "LPM_DREPRESENTATION" = "UNSIGNED"
Info (12021): Found 1 design units, including 1 entities, in source file db/lpm_divide_ihm.tdf
    Info (12023): Found entity 1: lpm_divide_ihm File: C:/Users/luisb/OneDrive/Ambiente de Trabalho/ProjetoFinalLSD/db/lpm_divide_ihm.tdf Line: 24
Info (12021): Found 1 design units, including 1 entities, in source file db/sign_div_unsign_akh.tdf
    Info (12023): Found entity 1: sign_div_unsign_akh File: C:/Users/luisb/OneDrive/Ambiente de Trabalho/ProjetoFinalLSD/db/sign_div_unsign_akh.tdf Line: 24
Info (12021): Found 1 design units, including 1 entities, in source file db/alt_u_div_84f.tdf
    Info (12023): Found entity 1: alt_u_div_84f File: C:/Users/luisb/OneDrive/Ambiente de Trabalho/ProjetoFinalLSD/db/alt_u_div_84f.tdf Line: 26
Info (286030): Timing-Driven Synthesis is running
Info (16010): Generating hard_block partition "hard_block:auto_generated_inst"
    Info (16011): Adding 0 node(s), including 0 DDIO, 0 PLL, 0 transceiver and 0 LCELL
Info (21057): Implemented 717 device resources after synthesis - the final resource count might be different
    Info (21058): Implemented 4 input pins
    Info (21059): Implemented 28 output pins
    Info (21061): Implemented 685 logic cells
Info: Quartus Prime Analysis & Synthesis was successful. 0 errors, 6 warnings
    Info: Peak virtual memory: 4878 megabytes
    Info: Processing ended: Tue Jun 21 03:38:20 2022
    Info: Elapsed time: 00:00:18
    Info: Total CPU time (on all processors): 00:00:39


